Bouffalant Радагаст из команды желтых вступает в бой!
Lickilicky Голлум из команды красных вступает в бой!
Bouffalant Радагаст использует Rock Slide. 
Lickilicky Голлум теряет 5 здоровья.

Lickilicky Голлум использует Facade. 
Bouffalant Радагаст теряет 9 здоровья.

Bouffalant Радагаст использует Smart Strike. 
Lickilicky Голлум теряет 5 здоровья.

Lickilicky Голлум использует Focus Blast. 
Bouffalant Радагаст теряет 8 здоровья.
Bouffalant Радагаст теряет сознание.
Lickitung Мерри из команды желтых вступает в бой!
Lickilicky Голлум использует Double Team. 
Lickilicky Голлум увеличивает уклоняемость.

Lickitung Мерри использует Confide. 
Lickilicky Голлум уменьшает специальную атаку.

Lickilicky Голлум использует Focus Blast. 
Lickitung Мерри теряет 8 здоровья.

Lickitung Мерри использует Double Team. 
Lickitung Мерри увеличивает уклоняемость.

Lickilicky Голлум использует Focus Blast. 
Lickitung Мерри теряет 14 здоровья.
Lickitung Мерри теряет сознание.
Cleffa Арагорн из команды желтых вступает в бой!
Lickilicky Голлум использует Focus Blast. 
Cleffa Арагорн теряет 3 здоровья.

Cleffa Арагорн использует Shadow Ball. 
Lickilicky Голлум теряет 1 здоровья.
Lickilicky Голлум не замечает воздействие типа GHOST

Lickilicky Голлум использует Confide. 
Cleffa Арагорн уменьшает специальную атаку.

Cleffa Арагорн использует Rest. 
Cleffa Арагорн засыпает
Cleffa Арагорн восстанавливает 3 здоровья.

Lickilicky Голлум использует Facade. 
Cleffa Арагорн теряет 9 здоровья.


Lickilicky Голлум использует Focus Blast. 
Cleffa Арагорн теряет 3 здоровья.

Cleffa Арагорн использует Rest. 
Cleffa Арагорн засыпает
Cleffa Арагорн восстанавливает 12 здоровья.

Lickilicky Голлум использует Facade. 
Cleffa Арагорн теряет 9 здоровья.


Lickilicky Голлум использует Confide. 
Cleffa Арагорн уменьшает специальную атаку.

Cleffa Арагорн использует Rest. 
Cleffa Арагорн засыпает
Cleffa Арагорн восстанавливает 9 здоровья.

Lickilicky Голлум использует Facade. 
Cleffa Арагорн теряет 6 здоровья.


Lickilicky Голлум использует Focus Blast. 
Cleffa Арагорн теряет 3 здоровья.


Lickilicky Голлум использует Double Team. 
Lickilicky Голлум увеличивает уклоняемость.

Cleffa Арагорн использует Shadow Ball. 
Lickilicky Голлум не замечает воздействие типа GHOST

Lickilicky Голлум использует Confide. 
Cleffa Арагорн уменьшает специальную атаку.

Cleffa Арагорн использует Shadow Ball. 
Lickilicky Голлум теряет 1 здоровья.
Lickilicky Голлум не замечает воздействие типа GHOST

Lickilicky Голлум использует Facade. 
Cleffa Арагорн теряет 6 здоровья.
Cleffa Арагорн теряет сознание.
В команде желтых не осталось покемонов.
Команда красных побеждает в этом бою!
